<?xml version="1.0" encoding="UTF-8" ?>
<testsuites disabled="0" errors="0" failures="1" tests="7" time="261.288">
 <testsuite name="testFioriAppCoverage" timestamp="2020-11-30T12:27:22" hostname="localhost" time="261.288" errors="0" tests="7" skipped="0" disabled="0" failures="1">
  <testcase classname="testFioriAppCoverage" name="Step 1: Navigate to Enterprise Contract Management Overview" time="2.637" />
  <testcase classname="testFioriAppCoverage" name="Step 2: Login" time="5.644" />
  <testcase classname="testFioriAppCoverage" name="Step 3: Scroll to Total Legal Transaction Status" time="204.004" />
  <testcase classname="testFioriAppCoverage" name="Step 4: Get legends from the Pie Chard" time="1.122" />
  <testcase classname="testFioriAppCoverage" name="Step 5: Get the Legal Transaction Count for Open Issues from Pie Chart " time="8.1" />
  <testcase classname="testFioriAppCoverage" name="Step 6: Navigate the Legal Transactions on clicking Open Issues legend" time="2.816" />
  <testcase classname="testFioriAppCoverage" name="Step 7: Assert - Legal transactions count with pie chart" time="36.936">
   <failure type="toBe" message="Expected &apos;49&apos; to be &apos;0&apos;."><![CDATA[Error: Failed expectation
    at Assertion.expectEqual (C:\Users\C5311489\AppData\Roaming\npm\node_modules\vyperForAll\reuse\ui5\common\modules\assertion.js:420:33)
    at manageLegalTransactions.AssertLegalTransactions (C:\Siva-Office\enterpriseContractManagement\modules\manageLegalTransactions.js:191:36)
    at processTicksAndRejections (internal/process/task_queues.js:93:5)
    at UserContext.<anonymous> (C:\Siva-Office\enterpriseContractManagement\testScripts\e2e\totalLegalTransactionStatusOpenIssuesFromLegendOVPApp.spec.js:59:13)]]>
   </failure>
  </testcase>
 </testsuite>
</testsuites>